<?xml version="1.0" encoding="UTF-8" ?>
<testsuite failures="0" time="0.292" errors="0" skipped="0" tests="1" name="org.uncertweb.api.om.io.test.XBObservationEncoderTestCase">
  <properties>
    <property name="java.runtime.name" value="Java(TM) SE Runtime Environment"/>
    <property name="sun.boot.library.path" value="C:\Software\Java\jdk1.6.0_22\jre\bin"/>
    <property name="java.vm.version" value="17.1-b03"/>
    <property name="java.vm.vendor" value="Sun Microsystems Inc."/>
    <property name="java.vendor.url" value="http://java.sun.com/"/>
    <property name="path.separator" value=";"/>
    <property name="java.vm.name" value="Java HotSpot(TM) 64-Bit Server VM"/>
    <property name="file.encoding.pkg" value="sun.io"/>
    <property name="user.country" value="DE"/>
    <property name="sun.java.launcher" value="SUN_STANDARD"/>
    <property name="sun.os.patch.level" value=""/>
    <property name="java.vm.specification.name" value="Java Virtual Machine Specification"/>
    <property name="user.dir" value="D:\IfGI\Projekte\UncertWeb\Implementations\uw_workspace\profiles-api\om-api"/>
    <property name="java.runtime.version" value="1.6.0_22-b04"/>
    <property name="java.awt.graphicsenv" value="sun.awt.Win32GraphicsEnvironment"/>
    <property name="basedir" value="D:\IfGI\Projekte\UncertWeb\Implementations\uw_workspace\profiles-api\om-api"/>
    <property name="java.endorsed.dirs" value="C:\Software\Java\jdk1.6.0_22\jre\lib\endorsed"/>
    <property name="os.arch" value="amd64"/>
    <property name="surefire.real.class.path" value="C:\Users\staschc\AppData\Local\Temp\surefirebooter9100525381630095551.jar"/>
    <property name="java.io.tmpdir" value="C:\Users\staschc\AppData\Local\Temp\"/>
    <property name="line.separator" value="
"/>
    <property name="java.vm.specification.vendor" value="Sun Microsystems Inc."/>
    <property name="user.variant" value=""/>
    <property name="os.name" value="Windows 7"/>
    <property name="sun.jnu.encoding" value="Cp1252"/>
    <property name="java.library.path" value="C:\Software\Java\jdk1.6.0_22\jre\bin;.;C:\Windows\Sun\Java\bin;C:\Windows\system32;C:\Windows;C:\Program Files (x86)\MiKTeX 2.8\miktex\bin;C:\Program Files (x86)\CollabNet\Subversion Client;C:\Windows\system32;C:\Windows;C:\Windows\System32\Wbem;C:\Windows\System32\WindowsPowerShell\v1.0\;D:\IfGI\Software\apache-maven-2.2.1\bin;C:\Program Files (x86)\Aguila-1.2.0-alpha5\bin;C:\Software\R-2.12.0\bin;C:\Program Files (x86)\Common Files\Teleca Shared;C:\Software\Aguila-1.2.0-alpha5\bin;C:\Program Files (x86)\MATLAB\MATLAB Compiler Runtime\v78\runtime\win32;C:\Program Files (x86)\QuickTime\QTSystem\;C:\Software\xmlbeans-2.5.0\xmlbeans-2.5.0\bin;C:\Software\gdalwin32exe160\gdalwin32-1.6\bin;C:\Users\staschc\Documents\R\R-2.12.0\bin\i386;C:\Program Files (x86)\Graphviz2.26.3\bin;C:\Users\staschc\AppData\Roaming\MiKTeX\2.8\miktex\bin\"/>
    <property name="surefire.test.class.path" value="D:\IfGI\Projekte\UncertWeb\Implementations\uw_workspace\profiles-api\om-api\target\test-classes;D:\IfGI\Projekte\UncertWeb\Implementations\uw_workspace\profiles-api\om-api\target\classes;D:\IfGI\Projekte\UncertWeb\Implementations\uw_workspace\profiles-api\gml-api\target\gml-api-0.0.1-SNAPSHOT.jar;C:\Users\staschc\.m2\repository\org\uncertweb\uncertml-api\0.0.1-SNAPSHOT\uncertml-api-0.0.1-SNAPSHOT.jar;C:\Users\staschc\.m2\repository\org\uncertweb\xb-uw-profiles\0.0.2\xb-uw-profiles-0.0.2.jar;C:\Users\staschc\.m2\repository\org\geotools\gt-api\2.6-SNAPSHOT\gt-api-2.6-SNAPSHOT.jar;C:\Users\staschc\.m2\repository\com\vividsolutions\jts\1.9\jts-1.9.jar;C:\Users\staschc\.m2\repository\org\geotools\gt-referencing\2.6-SNAPSHOT\gt-referencing-2.6-SNAPSHOT.jar;C:\Users\staschc\.m2\repository\java3d\vecmath\1.3.1\vecmath-1.3.1.jar;C:\Users\staschc\.m2\repository\commons-pool\commons-pool\1.3\commons-pool-1.3.jar;C:\Users\staschc\.m2\repository\org\geotools\gt-metadata\2.6-SNAPSHOT\gt-metadata-2.6-SNAPSHOT.jar;C:\Users\staschc\.m2\repository\org\opengis\geoapi\2.2-SNAPSHOT\geoapi-2.2-SNAPSHOT.jar;C:\Users\staschc\.m2\repository\net\java\dev\jsr-275\jsr-275\1.0-beta-2\jsr-275-1.0-beta-2.jar;C:\Users\staschc\.m2\repository\org\apache\xmlbeans\xmlbeans\2.3.0\xmlbeans-2.3.0.jar;C:\Users\staschc\.m2\repository\stax\stax-api\1.0.1\stax-api-1.0.1.jar;C:\Users\staschc\.m2\repository\org\geotools\gt-data\2.6-SNAPSHOT\gt-data-2.6-SNAPSHOT.jar;C:\Users\staschc\.m2\repository\org\geotools\gt-main\2.6-SNAPSHOT\gt-main-2.6-SNAPSHOT.jar;C:\Users\staschc\.m2\repository\jdom\jdom\1.0\jdom-1.0.jar;C:\Users\staschc\.m2\repository\commons-beanutils\commons-beanutils\1.7.0\commons-beanutils-1.7.0.jar;C:\Users\staschc\.m2\repository\commons-logging\commons-logging\1.0.3\commons-logging-1.0.3.jar;C:\Users\staschc\.m2\repository\joda-time\joda-time\1.6\joda-time-1.6.jar;C:\Users\staschc\.m2\repository\junit\junit\4.8.2\junit-4.8.2.jar;"/>
    <property name="java.specification.name" value="Java Platform API Specification"/>
    <property name="java.class.version" value="50.0"/>
    <property name="sun.management.compiler" value="HotSpot 64-Bit Server Compiler"/>
    <property name="os.version" value="6.1"/>
    <property name="user.home" value="C:\Users\staschc"/>
    <property name="user.timezone" value="Europe/Berlin"/>
    <property name="java.awt.printerjob" value="sun.awt.windows.WPrinterJob"/>
    <property name="java.specification.version" value="1.6"/>
    <property name="file.encoding" value="Cp1252"/>
    <property name="user.name" value="staschc"/>
    <property name="java.class.path" value="D:\IfGI\Projekte\UncertWeb\Implementations\uw_workspace\profiles-api\om-api\target\test-classes;D:\IfGI\Projekte\UncertWeb\Implementations\uw_workspace\profiles-api\om-api\target\classes;D:\IfGI\Projekte\UncertWeb\Implementations\uw_workspace\profiles-api\gml-api\target\gml-api-0.0.1-SNAPSHOT.jar;C:\Users\staschc\.m2\repository\org\uncertweb\uncertml-api\0.0.1-SNAPSHOT\uncertml-api-0.0.1-SNAPSHOT.jar;C:\Users\staschc\.m2\repository\org\uncertweb\xb-uw-profiles\0.0.2\xb-uw-profiles-0.0.2.jar;C:\Users\staschc\.m2\repository\org\geotools\gt-api\2.6-SNAPSHOT\gt-api-2.6-SNAPSHOT.jar;C:\Users\staschc\.m2\repository\com\vividsolutions\jts\1.9\jts-1.9.jar;C:\Users\staschc\.m2\repository\org\geotools\gt-referencing\2.6-SNAPSHOT\gt-referencing-2.6-SNAPSHOT.jar;C:\Users\staschc\.m2\repository\java3d\vecmath\1.3.1\vecmath-1.3.1.jar;C:\Users\staschc\.m2\repository\commons-pool\commons-pool\1.3\commons-pool-1.3.jar;C:\Users\staschc\.m2\repository\org\geotools\gt-metadata\2.6-SNAPSHOT\gt-metadata-2.6-SNAPSHOT.jar;C:\Users\staschc\.m2\repository\org\opengis\geoapi\2.2-SNAPSHOT\geoapi-2.2-SNAPSHOT.jar;C:\Users\staschc\.m2\repository\net\java\dev\jsr-275\jsr-275\1.0-beta-2\jsr-275-1.0-beta-2.jar;C:\Users\staschc\.m2\repository\org\apache\xmlbeans\xmlbeans\2.3.0\xmlbeans-2.3.0.jar;C:\Users\staschc\.m2\repository\stax\stax-api\1.0.1\stax-api-1.0.1.jar;C:\Users\staschc\.m2\repository\org\geotools\gt-data\2.6-SNAPSHOT\gt-data-2.6-SNAPSHOT.jar;C:\Users\staschc\.m2\repository\org\geotools\gt-main\2.6-SNAPSHOT\gt-main-2.6-SNAPSHOT.jar;C:\Users\staschc\.m2\repository\jdom\jdom\1.0\jdom-1.0.jar;C:\Users\staschc\.m2\repository\commons-beanutils\commons-beanutils\1.7.0\commons-beanutils-1.7.0.jar;C:\Users\staschc\.m2\repository\commons-logging\commons-logging\1.0.3\commons-logging-1.0.3.jar;C:\Users\staschc\.m2\repository\joda-time\joda-time\1.6\joda-time-1.6.jar;C:\Users\staschc\.m2\repository\junit\junit\4.8.2\junit-4.8.2.jar;"/>
    <property name="java.vm.specification.version" value="1.0"/>
    <property name="sun.arch.data.model" value="64"/>
    <property name="java.home" value="C:\Software\Java\jdk1.6.0_22\jre"/>
    <property name="java.specification.vendor" value="Sun Microsystems Inc."/>
    <property name="user.language" value="de"/>
    <property name="awt.toolkit" value="sun.awt.windows.WToolkit"/>
    <property name="java.vm.info" value="mixed mode"/>
    <property name="java.version" value="1.6.0_22"/>
    <property name="java.ext.dirs" value="C:\Software\Java\jdk1.6.0_22\jre\lib\ext;C:\Windows\Sun\Java\lib\ext"/>
    <property name="sun.boot.class.path" value="C:\Software\Java\jdk1.6.0_22\jre\lib\resources.jar;C:\Software\Java\jdk1.6.0_22\jre\lib\rt.jar;C:\Software\Java\jdk1.6.0_22\jre\lib\sunrsasign.jar;C:\Software\Java\jdk1.6.0_22\jre\lib\jsse.jar;C:\Software\Java\jdk1.6.0_22\jre\lib\jce.jar;C:\Software\Java\jdk1.6.0_22\jre\lib\charsets.jar;C:\Software\Java\jdk1.6.0_22\jre\classes"/>
    <property name="java.vendor" value="Sun Microsystems Inc."/>
    <property name="localRepository" value="C:\Users\staschc\.m2\repository"/>
    <property name="file.separator" value="\"/>
    <property name="java.vendor.url.bug" value="http://java.sun.com/cgi-bin/bugreport.cgi"/>
    <property name="sun.cpu.endian" value="little"/>
    <property name="sun.io.unicode.encoding" value="UnicodeLittle"/>
    <property name="sun.desktop" value="windows"/>
    <property name="sun.cpu.isalist" value="amd64"/>
  </properties>
  <testcase time="0.291" classname="org.uncertweb.api.om.io.test.XBObservationEncoderTestCase" name="testObservationEncoder"/>
</testsuite>