<?xml version="1.0" encoding="UTF-8" ?>
<testsuite failures="0" time="0" errors="0" skipped="0" tests="0" name="org.n52.wps.unicore.ExecuteTest">
  <properties>
    <property name="java.runtime.name" value="Java(TM) SE Runtime Environment"/>
    <property name="sun.boot.library.path" value="C:\Programme\Java\jdk1.6.0_17\jre\bin"/>
    <property name="java.vm.version" value="14.3-b01"/>
    <property name="java.vm.vendor" value="Sun Microsystems Inc."/>
    <property name="java.vendor.url" value="http://java.sun.com/"/>
    <property name="path.separator" value=";"/>
    <property name="java.vm.name" value="Java HotSpot(TM) Client VM"/>
    <property name="file.encoding.pkg" value="sun.io"/>
    <property name="user.country" value="DE"/>
    <property name="sun.java.launcher" value="SUN_STANDARD"/>
    <property name="sun.os.patch.level" value="Service Pack 3"/>
    <property name="java.vm.specification.name" value="Java Virtual Machine Specification"/>
    <property name="user.dir" value="C:\UncertWeb\workspace\52n-WPS\52n-wps-unicore"/>
    <property name="java.runtime.version" value="1.6.0_17-b04"/>
    <property name="java.awt.graphicsenv" value="sun.awt.Win32GraphicsEnvironment"/>
    <property name="basedir" value="C:\UncertWeb\workspace\52n-WPS\52n-wps-unicore"/>
    <property name="java.endorsed.dirs" value="C:\Programme\Java\jdk1.6.0_17\jre\lib\endorsed"/>
    <property name="os.arch" value="x86"/>
    <property name="surefire.real.class.path" value="C:\DOKUME~1\B_PROS~1.GEO\LOKALE~1\Temp\surefirebooter4377031652122366230.jar"/>
    <property name="java.io.tmpdir" value="C:\DOKUME~1\B_PROS~1.GEO\LOKALE~1\Temp\"/>
    <property name="line.separator" value="
"/>
    <property name="java.vm.specification.vendor" value="Sun Microsystems Inc."/>
    <property name="user.variant" value=""/>
    <property name="os.name" value="Windows XP"/>
    <property name="sun.jnu.encoding" value="Cp1252"/>
    <property name="java.library.path" value="C:\Programme\Java\jdk1.6.0_17\jre\bin;.;C:\WINDOWS\Sun\Java\bin;C:\WINDOWS\system32;C:\WINDOWS;C:\WINDOWS\system32;C:\WINDOWS;C:\WINDOWS\System32\Wbem;C:\Programme\Intel\WiFi\bin\;C:\Programme\apache-maven-2.2.1\bin;C:\Programme\android-sdk-windows;C:\Programme\Jahshaka\..\gtk2\bin;C:\Programme\Jahshaka\..\mlt\bin;C:\Programme\OpenLibraries\bin;C:\Programme\Aguila-1.2.0-alpha5\bin;C:\Programme\Mercurial\;C:\Programme\TortoiseHg\"/>
    <property name="surefire.test.class.path" value="C:\UncertWeb\workspace\52n-WPS\52n-wps-unicore\target\test-classes;C:\UncertWeb\workspace\52n-WPS\52n-wps-unicore\target\classes;C:\UncertWeb\workspace\52n-WPS\52n-wps-commons\target\52n-wps-commons-2.0-rc5-SNAPSHOT.jar;C:\Dokumente und Einstellungen\b_pros02.GEOINFORMATIK\.m2\repository\commons-logging\commons-logging\1.0.4\commons-logging-1.0.4.jar;C:\Dokumente und Einstellungen\b_pros02.GEOINFORMATIK\.m2\repository\org\n52\wps\52n-wps-config\1.0.1\52n-wps-config-1.0.1.jar;C:\Dokumente und Einstellungen\b_pros02.GEOINFORMATIK\.m2\repository\org\apache\xmlbeans\xmlbeans\2.4.0\xmlbeans-2.4.0.jar;C:\Dokumente und Einstellungen\b_pros02.GEOINFORMATIK\.m2\repository\stax\stax-api\1.0.1\stax-api-1.0.1.jar;C:\Dokumente und Einstellungen\b_pros02.GEOINFORMATIK\.m2\repository\javax\xml\bind\jsr173_api\1.0\jsr173_api-1.0.jar;C:\Dokumente und Einstellungen\b_pros02.GEOINFORMATIK\.m2\repository\log4j\log4j\1.2.14\log4j-1.2.14.jar;C:\UncertWeb\workspace\52n-WPS\52n-wps-io\target\52n-wps-io-2.0-rc5-SNAPSHOT.jar;C:\Dokumente und Einstellungen\b_pros02.GEOINFORMATIK\.m2\repository\com\vividsolutions\jts\1.10\jts-1.10.jar;C:\Dokumente und Einstellungen\b_pros02.GEOINFORMATIK\.m2\repository\org\geotools\gt2-main\2.4.2\gt2-main-2.4.2.jar;C:\Dokumente und Einstellungen\b_pros02.GEOINFORMATIK\.m2\repository\org\geotools\gt2-api\2.4.2\gt2-api-2.4.2.jar;C:\Dokumente und Einstellungen\b_pros02.GEOINFORMATIK\.m2\repository\org\geotools\gt2-referencing\2.4.2\gt2-referencing-2.4.2.jar;C:\Dokumente und Einstellungen\b_pros02.GEOINFORMATIK\.m2\repository\java3d\vecmath\1.3.1\vecmath-1.3.1.jar;C:\Dokumente und Einstellungen\b_pros02.GEOINFORMATIK\.m2\repository\org\geotools\gt2-metadata\2.4.2\gt2-metadata-2.4.2.jar;C:\Dokumente und Einstellungen\b_pros02.GEOINFORMATIK\.m2\repository\org\opengis\geoapi-nogenerics\2.1.0\geoapi-nogenerics-2.1.0.jar;C:\Dokumente und Einstellungen\b_pros02.GEOINFORMATIK\.m2\repository\javax\units\jsr108\0.01\jsr108-0.01.jar;C:\Dokumente und Einstellungen\b_pros02.GEOINFORMATIK\.m2\repository\jdom\jdom\1.0\jdom-1.0.jar;C:\Dokumente und Einstellungen\b_pros02.GEOINFORMATIK\.m2\repository\edu\oswego\concurrent\1.3.4\concurrent-1.3.4.jar;C:\Dokumente und Einstellungen\b_pros02.GEOINFORMATIK\.m2\repository\commons-beanutils\commons-beanutils\1.7.0\commons-beanutils-1.7.0.jar;C:\Dokumente und Einstellungen\b_pros02.GEOINFORMATIK\.m2\repository\org\geotools\gt2-arcgrid\2.4.2\gt2-arcgrid-2.4.2.jar;C:\Dokumente und Einstellungen\b_pros02.GEOINFORMATIK\.m2\repository\org\geotools\gt2-coverage\2.4.2\gt2-coverage-2.4.2.jar;C:\Dokumente und Einstellungen\b_pros02.GEOINFORMATIK\.m2\repository\org\geotools\gt2-epsg-hsql\2.4.2\gt2-epsg-hsql-2.4.2.jar;C:\Dokumente und Einstellungen\b_pros02.GEOINFORMATIK\.m2\repository\hsqldb\hsqldb\1.8.0.7\hsqldb-1.8.0.7.jar;C:\Dokumente und Einstellungen\b_pros02.GEOINFORMATIK\.m2\repository\it\geosolutions\imageio-ext\imageio-ext-arcgrid\1.0-SNAPSHOT\imageio-ext-arcgrid-1.0-SNAPSHOT.jar;C:\Dokumente und Einstellungen\b_pros02.GEOINFORMATIK\.m2\repository\it\geosolutions\imageio-ext\imageio-ext-customstreams\1.0-SNAPSHOT\imageio-ext-customstreams-1.0-SNAPSHOT.jar;C:\Dokumente und Einstellungen\b_pros02.GEOINFORMATIK\.m2\repository\commons-httpclient\commons-httpclient\3.1\commons-httpclient-3.1.jar;C:\Dokumente und Einstellungen\b_pros02.GEOINFORMATIK\.m2\repository\junit\junit\3.8.1\junit-3.8.1.jar;C:\Dokumente und Einstellungen\b_pros02.GEOINFORMATIK\.m2\repository\commons-codec\commons-codec\1.2\commons-codec-1.2.jar;C:\Dokumente und Einstellungen\b_pros02.GEOINFORMATIK\.m2\repository\org\geotools\gt2-xml-filter\2.4.2\gt2-xml-filter-2.4.2.jar;C:\Dokumente und Einstellungen\b_pros02.GEOINFORMATIK\.m2\repository\org\geotools\gt2-xml-xsd\2.4.2\gt2-xml-xsd-2.4.2.jar;C:\Dokumente und Einstellungen\b_pros02.GEOINFORMATIK\.m2\repository\org\geotools\gt2-graph\2.4.2\gt2-graph-2.4.2.jar;C:\Dokumente und Einstellungen\b_pros02.GEOINFORMATIK\.m2\repository\picocontainer\picocontainer\1.1\picocontainer-1.1.jar;C:\Dokumente und Einstellungen\b_pros02.GEOINFORMATIK\.m2\repository\xml-apis\xml-apis\1.3.04\xml-apis-1.3.04.jar;C:\Dokumente und Einstellungen\b_pros02.GEOINFORMATIK\.m2\repository\xsdlib\xsdlib\20050614\xsdlib-20050614.jar;C:\Dokumente und Einstellungen\b_pros02.GEOINFORMATIK\.m2\repository\relaxng\relaxngDatatype\X\relaxngDatatype-X.jar;C:\Dokumente und Einstellungen\b_pros02.GEOINFORMATIK\.m2\repository\jaxb\jaxb-api\1.3\jaxb-api-1.3.jar;C:\Dokumente und Einstellungen\b_pros02.GEOINFORMATIK\.m2\repository\jaxb\jaxb-impl\1.3\jaxb-impl-1.3.jar;C:\Dokumente und Einstellungen\b_pros02.GEOINFORMATIK\.m2\repository\jaxb\jaxb-libs\1.3\jaxb-libs-1.3.jar;C:\Dokumente und Einstellungen\b_pros02.GEOINFORMATIK\.m2\repository\xerces\xercesImpl\2.7.1\xercesImpl-2.7.1.jar;C:\Dokumente und Einstellungen\b_pros02.GEOINFORMATIK\.m2\repository\xml-apis\xml-apis-xerces\2.7.1\xml-apis-xerces-2.7.1.jar;C:\Dokumente und Einstellungen\b_pros02.GEOINFORMATIK\.m2\repository\commons-jxpath\commons-jxpath\1.2\commons-jxpath-1.2.jar;C:\Dokumente und Einstellungen\b_pros02.GEOINFORMATIK\.m2\repository\ant\ant-optional\1.5.1\ant-optional-1.5.1.jar;C:\Dokumente und Einstellungen\b_pros02.GEOINFORMATIK\.m2\repository\commons-collections\commons-collections\3.2\commons-collections-3.2.jar;C:\Dokumente und Einstellungen\b_pros02.GEOINFORMATIK\.m2\repository\org\eclipse\xsd\xsd\2.2.2\xsd-2.2.2.jar;C:\Dokumente und Einstellungen\b_pros02.GEOINFORMATIK\.m2\repository\org\eclipse\emf\common\2.2.1\common-2.2.1.jar;C:\Dokumente und Einstellungen\b_pros02.GEOINFORMATIK\.m2\repository\org\eclipse\emf\ecore\2.2.2\ecore-2.2.2.jar;C:\Dokumente und Einstellungen\b_pros02.GEOINFORMATIK\.m2\repository\org\geotools\gt2-xml-gml2\2.4.2\gt2-xml-gml2-2.4.2.jar;C:\Dokumente und Einstellungen\b_pros02.GEOINFORMATIK\.m2\repository\org\geotools\gt2-xml-gml3\2.4.2\gt2-xml-gml3-2.4.2.jar;C:\Dokumente und Einstellungen\b_pros02.GEOINFORMATIK\.m2\repository\org\geotools\gt2-xml\2.4.2\gt2-xml-2.4.2.jar;C:\Dokumente und Einstellungen\b_pros02.GEOINFORMATIK\.m2\repository\org\n52\wps\gmlpacket-2.0\0.4\gmlpacket-2.0-0.4.jar;C:\Dokumente und Einstellungen\b_pros02.GEOINFORMATIK\.m2\repository\commons-io\commons-io\1.3.1\commons-io-1.3.1.jar;C:\Dokumente und Einstellungen\b_pros02.GEOINFORMATIK\.m2\repository\javax\media\jai_codec\1.1.3\jai_codec-1.1.3.jar;C:\Dokumente und Einstellungen\b_pros02.GEOINFORMATIK\.m2\repository\javax\media\jai_core\1.1.3\jai_core-1.1.3.jar;C:\Dokumente und Einstellungen\b_pros02.GEOINFORMATIK\.m2\repository\javax\media\jai_imageio\1.1\jai_imageio-1.1.jar;C:\Dokumente und Einstellungen\b_pros02.GEOINFORMATIK\.m2\repository\org\geotools\gt2-geotiff-52npatched\2.4.2\gt2-geotiff-52npatched-2.4.2.jar;C:\Dokumente und Einstellungen\b_pros02.GEOINFORMATIK\.m2\repository\org\n52\wps\ogckml2.2\1.0.0\ogckml2.2-1.0.0.jar;C:\Dokumente und Einstellungen\b_pros02.GEOINFORMATIK\.m2\repository\axis\axis\1.4\axis-1.4.jar;C:\Dokumente und Einstellungen\b_pros02.GEOINFORMATIK\.m2\repository\axis\axis-jaxrpc\1.4\axis-jaxrpc-1.4.jar;C:\Dokumente und Einstellungen\b_pros02.GEOINFORMATIK\.m2\repository\axis\axis-saaj\1.4\axis-saaj-1.4.jar;C:\Dokumente und Einstellungen\b_pros02.GEOINFORMATIK\.m2\repository\axis\axis-wsdl4j\1.5.1\axis-wsdl4j-1.5.1.jar;C:\Dokumente und Einstellungen\b_pros02.GEOINFORMATIK\.m2\repository\commons-discovery\commons-discovery\0.2\commons-discovery-0.2.jar;C:\Dokumente und Einstellungen\b_pros02.GEOINFORMATIK\.m2\repository\org\geotools\gt2-shapefile\2.4.2\gt2-shapefile-2.4.2.jar;C:\Dokumente und Einstellungen\b_pros02.GEOINFORMATIK\.m2\repository\velocity\velocity\1.4\velocity-1.4.jar;C:\Dokumente und Einstellungen\b_pros02.GEOINFORMATIK\.m2\repository\velocity\velocity-dep\1.4\velocity-dep-1.4.jar;C:\Dokumente und Einstellungen\b_pros02.GEOINFORMATIK\.m2\repository\xalan\xalan\2.7.1\xalan-2.7.1.jar;C:\Dokumente und Einstellungen\b_pros02.GEOINFORMATIK\.m2\repository\xalan\serializer\2.7.1\serializer-2.7.1.jar;C:\UncertWeb\workspace\52n-WPS\52n-wps-server\target\52n-wps-server-2.0-rc5-SNAPSHOT.jar;C:\Dokumente und Einstellungen\b_pros02.GEOINFORMATIK\.m2\repository\org\n52\wps\52n-wps-xml\1.0.0\52n-wps-xml-1.0.0.jar;C:\Dokumente und Einstellungen\b_pros02.GEOINFORMATIK\.m2\repository\org\apache\derby\derby\10.2.2.0\derby-10.2.2.0.jar;C:\Dokumente und Einstellungen\b_pros02.GEOINFORMATIK\.m2\repository\org\apache\axis2\axis2\1.5\axis2-1.5.jar;C:\Dokumente und Einstellungen\b_pros02.GEOINFORMATIK\.m2\repository\org\apache\ws\commons\axiom\axiom-impl\1.2.8\axiom-impl-1.2.8.jar;C:\Dokumente und Einstellungen\b_pros02.GEOINFORMATIK\.m2\repository\org\apache\ws\commons\axiom\axiom-api\1.2.8\axiom-api-1.2.8.jar;C:\Dokumente und Einstellungen\b_pros02.GEOINFORMATIK\.m2\repository\org\apache\geronimo\specs\geronimo-activation_1.1_spec\1.0.1\geronimo-activation_1.1_spec-1.0.1.jar;C:\Dokumente und Einstellungen\b_pros02.GEOINFORMATIK\.m2\repository\org\apache\geronimo\specs\geronimo-javamail_1.4_spec\1.2\geronimo-javamail_1.4_spec-1.2.jar;C:\Dokumente und Einstellungen\b_pros02.GEOINFORMATIK\.m2\repository\jaxen\jaxen\1.1.1\jaxen-1.1.1.jar;C:\Dokumente und Einstellungen\b_pros02.GEOINFORMATIK\.m2\repository\org\apache\geronimo\specs\geronimo-stax-api_1.0_spec\1.0.1\geronimo-stax-api_1.0_spec-1.0.1.jar;C:\Dokumente und Einstellungen\b_pros02.GEOINFORMATIK\.m2\repository\org\codehaus\woodstox\wstx-asl\3.2.4\wstx-asl-3.2.4.jar;C:\Dokumente und Einstellungen\b_pros02.GEOINFORMATIK\.m2\repository\org\apache\ws\commons\axiom\axiom-dom\1.2.8\axiom-dom-1.2.8.jar;C:\Dokumente und Einstellungen\b_pros02.GEOINFORMATIK\.m2\repository\org\apache\rampart\rampart-policy\1.4\rampart-policy-1.4.jar;C:\Dokumente und Einstellungen\b_pros02.GEOINFORMATIK\.m2\repository\org\apache\axis2\axis2-kernel\1.4\axis2-kernel-1.4.jar;C:\Dokumente und Einstellungen\b_pros02.GEOINFORMATIK\.m2\repository\javax\servlet\servlet-api\2.3\servlet-api-2.3.jar;C:\Dokumente und Einstellungen\b_pros02.GEOINFORMATIK\.m2\repository\commons-fileupload\commons-fileupload\1.2\commons-fileupload-1.2.jar;C:\Dokumente und Einstellungen\b_pros02.GEOINFORMATIK\.m2\repository\org\apache\httpcomponents\httpcore\4.0-beta1\httpcore-4.0-beta1.jar;C:\Dokumente und Einstellungen\b_pros02.GEOINFORMATIK\.m2\repository\org\apache\httpcomponents\httpcore-nio\4.0-beta1\httpcore-nio-4.0-beta1.jar;C:\Dokumente und Einstellungen\b_pros02.GEOINFORMATIK\.m2\repository\wsdl4j\wsdl4j\1.6.2\wsdl4j-1.6.2.jar;C:\Dokumente und Einstellungen\b_pros02.GEOINFORMATIK\.m2\repository\backport-util-concurrent\backport-util-concurrent\3.1\backport-util-concurrent-3.1.jar;C:\Dokumente und Einstellungen\b_pros02.GEOINFORMATIK\.m2\repository\org\apache\ws\commons\schema\XmlSchema\1.4.2\XmlSchema-1.4.2.jar;C:\Dokumente und Einstellungen\b_pros02.GEOINFORMATIK\.m2\repository\org\apache\neethi\neethi\2.0.4\neethi-2.0.4.jar;C:\Dokumente und Einstellungen\b_pros02.GEOINFORMATIK\.m2\repository\org\apache\woden\woden-api\1.0M8\woden-api-1.0M8.jar;C:\Dokumente und Einstellungen\b_pros02.GEOINFORMATIK\.m2\repository\org\apache\ant\ant\1.7.0\ant-1.7.0.jar;C:\Dokumente und Einstellungen\b_pros02.GEOINFORMATIK\.m2\repository\org\apache\ant\ant-launcher\1.7.0\ant-launcher-1.7.0.jar;C:\Dokumente und Einstellungen\b_pros02.GEOINFORMATIK\.m2\repository\xerces\xmlParserAPIs\2.6.0\xmlParserAPIs-2.6.0.jar;C:\Dokumente und Einstellungen\b_pros02.GEOINFORMATIK\.m2\repository\org\apache\woden\woden-impl-dom\1.0M8\woden-impl-dom-1.0M8.jar;C:\Dokumente und Einstellungen\b_pros02.GEOINFORMATIK\.m2\repository\annogen\annogen\0.1.0\annogen-0.1.0.jar;C:\Dokumente und Einstellungen\b_pros02.GEOINFORMATIK\.m2\repository\org\apache\geronimo\specs\geronimo-jms_1.1_spec\1.1\geronimo-jms_1.1_spec-1.1.jar;C:\Dokumente und Einstellungen\b_pros02.GEOINFORMATIK\.m2\repository\javax\mail\mail\1.4\mail-1.4.jar;C:\Dokumente und Einstellungen\b_pros02.GEOINFORMATIK\.m2\repository\javax\activation\activation\1.1\activation-1.1.jar;C:\Dokumente und Einstellungen\b_pros02.GEOINFORMATIK\.m2\repository\org\apache\axis2\axis2-codegen\1.4\axis2-codegen-1.4.jar;C:\Dokumente und Einstellungen\b_pros02.GEOINFORMATIK\.m2\repository\org\apache\axis2\axis2-adb\1.4\axis2-adb-1.4.jar;C:\Dokumente und Einstellungen\b_pros02.GEOINFORMATIK\.m2\repository\org\apache\axis2\axis2-xmlbeans\1.4\axis2-xmlbeans-1.4.jar;C:\Dokumente und Einstellungen\b_pros02.GEOINFORMATIK\.m2\repository\org\apache\axis2\axis2-adb-codegen\1.4\axis2-adb-codegen-1.4.jar;C:\Dokumente und Einstellungen\b_pros02.GEOINFORMATIK\.m2\repository\org\apache\axis2\mex\1.4\mex-1.4-impl.jar;C:\Dokumente und Einstellungen\b_pros02.GEOINFORMATIK\.m2\repository\org\apache\axis2\axis2-mtompolicy\1.4\axis2-mtompolicy-1.4.jar;C:\Dokumente und Einstellungen\b_pros02.GEOINFORMATIK\.m2\repository\org\apache\ws\security\wss4j\1.5.4\wss4j-1.5.4.jar;C:\Dokumente und Einstellungen\b_pros02.GEOINFORMATIK\.m2\repository\org\apache\santuario\xmlsec\1.4.1\xmlsec-1.4.1.jar;C:\Dokumente und Einstellungen\b_pros02.GEOINFORMATIK\.m2\repository\org\apache\axis\axis-ant\1.4\axis-ant-1.4.jar;C:\Dokumente und Einstellungen\b_pros02.GEOINFORMATIK\.m2\repository\bouncycastle\bcprov-jdk13\132\bcprov-jdk13-132.jar;C:\Dokumente und Einstellungen\b_pros02.GEOINFORMATIK\.m2\repository\org\apache\rampart\rampart-core\1.4\rampart-core-1.4.jar;C:\Dokumente und Einstellungen\b_pros02.GEOINFORMATIK\.m2\repository\org\apache\rampart\rampart-trust\1.4\rampart-trust-1.4.jar;C:\Dokumente und Einstellungen\b_pros02.GEOINFORMATIK\.m2\repository\opensaml\opensaml\1.1.406\opensaml-1.1.406.jar;C:\Dokumente und Einstellungen\b_pros02.GEOINFORMATIK\.m2\repository\org\vafer\dependency\0.4\dependency-0.4.jar;C:\Dokumente und Einstellungen\b_pros02.GEOINFORMATIK\.m2\repository\asm\asm-commons\2.2.1\asm-commons-2.2.1.jar;C:\Dokumente und Einstellungen\b_pros02.GEOINFORMATIK\.m2\repository\asm\asm\2.2\asm-2.2.jar;C:\Dokumente und Einstellungen\b_pros02.GEOINFORMATIK\.m2\repository\asm\asm-util\2.2.1\asm-util-2.2.1.jar;C:\Dokumente und Einstellungen\b_pros02.GEOINFORMATIK\.m2\repository\asm\asm-analysis\2.2.1\asm-analysis-2.2.1.jar;C:\Dokumente und Einstellungen\b_pros02.GEOINFORMATIK\.m2\repository\asm\asm-tree\2.2.1\asm-tree-2.2.1.jar;C:\Dokumente und Einstellungen\b_pros02.GEOINFORMATIK\.m2\repository\asm\asm-attrs\2.2.1\asm-attrs-2.2.1.jar;C:\Dokumente und Einstellungen\b_pros02.GEOINFORMATIK\.m2\repository\de\fzj\unicore\uas-core\1.1.2\uas-core-1.1.2.jar;C:\Dokumente und Einstellungen\b_pros02.GEOINFORMATIK\.m2\repository\de\fzj\unicore\wsrflite\wsrflite\1.8.9\wsrflite-1.8.9.jar;C:\Dokumente und Einstellungen\b_pros02.GEOINFORMATIK\.m2\repository\de\fzj\unicore\wsrflite\wsrftypes\1.4\wsrftypes-1.4.jar;C:\Dokumente und Einstellungen\b_pros02.GEOINFORMATIK\.m2\repository\xmlbeans\xbean_xpath\2.2.0\xbean_xpath-2.2.0.jar;C:\Dokumente und Einstellungen\b_pros02.GEOINFORMATIK\.m2\repository\org\codehaus\xfire\xfire-xmlbeans\1.2.6\xfire-xmlbeans-1.2.6.jar;C:\Dokumente und Einstellungen\b_pros02.GEOINFORMATIK\.m2\repository\org\codehaus\xfire\xfire-aegis\1.2.6\xfire-aegis-1.2.6.jar;C:\Dokumente und Einstellungen\b_pros02.GEOINFORMATIK\.m2\repository\org\codehaus\xfire\xfire-core\1.2.6\xfire-core-1.2.6.jar;C:\Dokumente und Einstellungen\b_pros02.GEOINFORMATIK\.m2\repository\org\apache\ws\commons\XmlSchema\1.1\XmlSchema-1.1.jar;C:\Dokumente und Einstellungen\b_pros02.GEOINFORMATIK\.m2\repository\net\java\dev\stax-utils\stax-utils\20040917\stax-utils-20040917.jar;C:\Dokumente und Einstellungen\b_pros02.GEOINFORMATIK\.m2\repository\xfire\xfire-jsr181-api\1.0-M1\xfire-jsr181-api-1.0-M1.jar;C:\Dokumente und Einstellungen\b_pros02.GEOINFORMATIK\.m2\repository\org\mortbay\jetty\jetty\6.1.8\jetty-6.1.8.jar;C:\Dokumente und Einstellungen\b_pros02.GEOINFORMATIK\.m2\repository\org\mortbay\jetty\jetty-util\6.1.8\jetty-util-6.1.8.jar;C:\Dokumente und Einstellungen\b_pros02.GEOINFORMATIK\.m2\repository\org\mortbay\jetty\servlet-api-2.5\6.1.8\servlet-api-2.5-6.1.8.jar;C:\Dokumente und Einstellungen\b_pros02.GEOINFORMATIK\.m2\repository\org\mortbay\jetty\jetty-sslengine\6.1.8\jetty-sslengine-6.1.8.jar;C:\Dokumente und Einstellungen\b_pros02.GEOINFORMATIK\.m2\repository\net\sf\ehcache\ehcache\1.2\ehcache-1.2.jar;C:\Dokumente und Einstellungen\b_pros02.GEOINFORMATIK\.m2\repository\net\sf\saxon\saxon-xpath\8.6.1\saxon-xpath-8.6.1.jar;C:\Dokumente und Einstellungen\b_pros02.GEOINFORMATIK\.m2\repository\de\fzj\unicore\xnjs-module-core\1.1.2\xnjs-module-core-1.1.2.jar;C:\Dokumente und Einstellungen\b_pros02.GEOINFORMATIK\.m2\repository\de\fzj\unicore\jsdl-xmlbeans\1.2\jsdl-xmlbeans-1.2.jar;C:\Dokumente und Einstellungen\b_pros02.GEOINFORMATIK\.m2\repository\de\fzj\unicore\persistence\0.2\persistence-0.2.jar;C:\Dokumente und Einstellungen\b_pros02.GEOINFORMATIK\.m2\repository\de\fzj\unicore\uas-types\1.6\uas-types-1.6.jar;C:\Dokumente und Einstellungen\b_pros02.GEOINFORMATIK\.m2\repository\de\fzj\unicore\xuudb\xuudb-common\1.1.0\xuudb-common-1.1.0.jar;C:\Dokumente und Einstellungen\b_pros02.GEOINFORMATIK\.m2\repository\net\sourceforge\sunxacml\sunxacml\1.2\sunxacml-1.2.jar;C:\Dokumente und Einstellungen\b_pros02.GEOINFORMATIK\.m2\repository\pl\edu\icm\unicore\security\securityLibrary\1.2\securityLibrary-1.2.jar;C:\Dokumente und Einstellungen\b_pros02.GEOINFORMATIK\.m2\repository\pl\edu\icm\unicore\security\SAMLtypes\1.1\SAMLtypes-1.1.jar;"/>
    <property name="java.specification.name" value="Java Platform API Specification"/>
    <property name="java.class.version" value="50.0"/>
    <property name="sun.management.compiler" value="HotSpot Client Compiler"/>
    <property name="os.version" value="5.1"/>
    <property name="user.home" value="C:\Dokumente und Einstellungen\b_pros02.GEOINFORMATIK"/>
    <property name="user.timezone" value=""/>
    <property name="java.awt.printerjob" value="sun.awt.windows.WPrinterJob"/>
    <property name="java.specification.version" value="1.6"/>
    <property name="file.encoding" value="Cp1252"/>
    <property name="user.name" value="b_pros02"/>
    <property name="java.class.path" value="C:\UncertWeb\workspace\52n-WPS\52n-wps-unicore\target\test-classes;C:\UncertWeb\workspace\52n-WPS\52n-wps-unicore\target\classes;C:\UncertWeb\workspace\52n-WPS\52n-wps-commons\target\52n-wps-commons-2.0-rc5-SNAPSHOT.jar;C:\Dokumente und Einstellungen\b_pros02.GEOINFORMATIK\.m2\repository\commons-logging\commons-logging\1.0.4\commons-logging-1.0.4.jar;C:\Dokumente und Einstellungen\b_pros02.GEOINFORMATIK\.m2\repository\org\n52\wps\52n-wps-config\1.0.1\52n-wps-config-1.0.1.jar;C:\Dokumente und Einstellungen\b_pros02.GEOINFORMATIK\.m2\repository\org\apache\xmlbeans\xmlbeans\2.4.0\xmlbeans-2.4.0.jar;C:\Dokumente und Einstellungen\b_pros02.GEOINFORMATIK\.m2\repository\stax\stax-api\1.0.1\stax-api-1.0.1.jar;C:\Dokumente und Einstellungen\b_pros02.GEOINFORMATIK\.m2\repository\javax\xml\bind\jsr173_api\1.0\jsr173_api-1.0.jar;C:\Dokumente und Einstellungen\b_pros02.GEOINFORMATIK\.m2\repository\log4j\log4j\1.2.14\log4j-1.2.14.jar;C:\UncertWeb\workspace\52n-WPS\52n-wps-io\target\52n-wps-io-2.0-rc5-SNAPSHOT.jar;C:\Dokumente und Einstellungen\b_pros02.GEOINFORMATIK\.m2\repository\com\vividsolutions\jts\1.10\jts-1.10.jar;C:\Dokumente und Einstellungen\b_pros02.GEOINFORMATIK\.m2\repository\org\geotools\gt2-main\2.4.2\gt2-main-2.4.2.jar;C:\Dokumente und Einstellungen\b_pros02.GEOINFORMATIK\.m2\repository\org\geotools\gt2-api\2.4.2\gt2-api-2.4.2.jar;C:\Dokumente und Einstellungen\b_pros02.GEOINFORMATIK\.m2\repository\org\geotools\gt2-referencing\2.4.2\gt2-referencing-2.4.2.jar;C:\Dokumente und Einstellungen\b_pros02.GEOINFORMATIK\.m2\repository\java3d\vecmath\1.3.1\vecmath-1.3.1.jar;C:\Dokumente und Einstellungen\b_pros02.GEOINFORMATIK\.m2\repository\org\geotools\gt2-metadata\2.4.2\gt2-metadata-2.4.2.jar;C:\Dokumente und Einstellungen\b_pros02.GEOINFORMATIK\.m2\repository\org\opengis\geoapi-nogenerics\2.1.0\geoapi-nogenerics-2.1.0.jar;C:\Dokumente und Einstellungen\b_pros02.GEOINFORMATIK\.m2\repository\javax\units\jsr108\0.01\jsr108-0.01.jar;C:\Dokumente und Einstellungen\b_pros02.GEOINFORMATIK\.m2\repository\jdom\jdom\1.0\jdom-1.0.jar;C:\Dokumente und Einstellungen\b_pros02.GEOINFORMATIK\.m2\repository\edu\oswego\concurrent\1.3.4\concurrent-1.3.4.jar;C:\Dokumente und Einstellungen\b_pros02.GEOINFORMATIK\.m2\repository\commons-beanutils\commons-beanutils\1.7.0\commons-beanutils-1.7.0.jar;C:\Dokumente und Einstellungen\b_pros02.GEOINFORMATIK\.m2\repository\org\geotools\gt2-arcgrid\2.4.2\gt2-arcgrid-2.4.2.jar;C:\Dokumente und Einstellungen\b_pros02.GEOINFORMATIK\.m2\repository\org\geotools\gt2-coverage\2.4.2\gt2-coverage-2.4.2.jar;C:\Dokumente und Einstellungen\b_pros02.GEOINFORMATIK\.m2\repository\org\geotools\gt2-epsg-hsql\2.4.2\gt2-epsg-hsql-2.4.2.jar;C:\Dokumente und Einstellungen\b_pros02.GEOINFORMATIK\.m2\repository\hsqldb\hsqldb\1.8.0.7\hsqldb-1.8.0.7.jar;C:\Dokumente und Einstellungen\b_pros02.GEOINFORMATIK\.m2\repository\it\geosolutions\imageio-ext\imageio-ext-arcgrid\1.0-SNAPSHOT\imageio-ext-arcgrid-1.0-SNAPSHOT.jar;C:\Dokumente und Einstellungen\b_pros02.GEOINFORMATIK\.m2\repository\it\geosolutions\imageio-ext\imageio-ext-customstreams\1.0-SNAPSHOT\imageio-ext-customstreams-1.0-SNAPSHOT.jar;C:\Dokumente und Einstellungen\b_pros02.GEOINFORMATIK\.m2\repository\commons-httpclient\commons-httpclient\3.1\commons-httpclient-3.1.jar;C:\Dokumente und Einstellungen\b_pros02.GEOINFORMATIK\.m2\repository\junit\junit\3.8.1\junit-3.8.1.jar;C:\Dokumente und Einstellungen\b_pros02.GEOINFORMATIK\.m2\repository\commons-codec\commons-codec\1.2\commons-codec-1.2.jar;C:\Dokumente und Einstellungen\b_pros02.GEOINFORMATIK\.m2\repository\org\geotools\gt2-xml-filter\2.4.2\gt2-xml-filter-2.4.2.jar;C:\Dokumente und Einstellungen\b_pros02.GEOINFORMATIK\.m2\repository\org\geotools\gt2-xml-xsd\2.4.2\gt2-xml-xsd-2.4.2.jar;C:\Dokumente und Einstellungen\b_pros02.GEOINFORMATIK\.m2\repository\org\geotools\gt2-graph\2.4.2\gt2-graph-2.4.2.jar;C:\Dokumente und Einstellungen\b_pros02.GEOINFORMATIK\.m2\repository\picocontainer\picocontainer\1.1\picocontainer-1.1.jar;C:\Dokumente und Einstellungen\b_pros02.GEOINFORMATIK\.m2\repository\xml-apis\xml-apis\1.3.04\xml-apis-1.3.04.jar;C:\Dokumente und Einstellungen\b_pros02.GEOINFORMATIK\.m2\repository\xsdlib\xsdlib\20050614\xsdlib-20050614.jar;C:\Dokumente und Einstellungen\b_pros02.GEOINFORMATIK\.m2\repository\relaxng\relaxngDatatype\X\relaxngDatatype-X.jar;C:\Dokumente und Einstellungen\b_pros02.GEOINFORMATIK\.m2\repository\jaxb\jaxb-api\1.3\jaxb-api-1.3.jar;C:\Dokumente und Einstellungen\b_pros02.GEOINFORMATIK\.m2\repository\jaxb\jaxb-impl\1.3\jaxb-impl-1.3.jar;C:\Dokumente und Einstellungen\b_pros02.GEOINFORMATIK\.m2\repository\jaxb\jaxb-libs\1.3\jaxb-libs-1.3.jar;C:\Dokumente und Einstellungen\b_pros02.GEOINFORMATIK\.m2\repository\xerces\xercesImpl\2.7.1\xercesImpl-2.7.1.jar;C:\Dokumente und Einstellungen\b_pros02.GEOINFORMATIK\.m2\repository\xml-apis\xml-apis-xerces\2.7.1\xml-apis-xerces-2.7.1.jar;C:\Dokumente und Einstellungen\b_pros02.GEOINFORMATIK\.m2\repository\commons-jxpath\commons-jxpath\1.2\commons-jxpath-1.2.jar;C:\Dokumente und Einstellungen\b_pros02.GEOINFORMATIK\.m2\repository\ant\ant-optional\1.5.1\ant-optional-1.5.1.jar;C:\Dokumente und Einstellungen\b_pros02.GEOINFORMATIK\.m2\repository\commons-collections\commons-collections\3.2\commons-collections-3.2.jar;C:\Dokumente und Einstellungen\b_pros02.GEOINFORMATIK\.m2\repository\org\eclipse\xsd\xsd\2.2.2\xsd-2.2.2.jar;C:\Dokumente und Einstellungen\b_pros02.GEOINFORMATIK\.m2\repository\org\eclipse\emf\common\2.2.1\common-2.2.1.jar;C:\Dokumente und Einstellungen\b_pros02.GEOINFORMATIK\.m2\repository\org\eclipse\emf\ecore\2.2.2\ecore-2.2.2.jar;C:\Dokumente und Einstellungen\b_pros02.GEOINFORMATIK\.m2\repository\org\geotools\gt2-xml-gml2\2.4.2\gt2-xml-gml2-2.4.2.jar;C:\Dokumente und Einstellungen\b_pros02.GEOINFORMATIK\.m2\repository\org\geotools\gt2-xml-gml3\2.4.2\gt2-xml-gml3-2.4.2.jar;C:\Dokumente und Einstellungen\b_pros02.GEOINFORMATIK\.m2\repository\org\geotools\gt2-xml\2.4.2\gt2-xml-2.4.2.jar;C:\Dokumente und Einstellungen\b_pros02.GEOINFORMATIK\.m2\repository\org\n52\wps\gmlpacket-2.0\0.4\gmlpacket-2.0-0.4.jar;C:\Dokumente und Einstellungen\b_pros02.GEOINFORMATIK\.m2\repository\commons-io\commons-io\1.3.1\commons-io-1.3.1.jar;C:\Dokumente und Einstellungen\b_pros02.GEOINFORMATIK\.m2\repository\javax\media\jai_codec\1.1.3\jai_codec-1.1.3.jar;C:\Dokumente und Einstellungen\b_pros02.GEOINFORMATIK\.m2\repository\javax\media\jai_core\1.1.3\jai_core-1.1.3.jar;C:\Dokumente und Einstellungen\b_pros02.GEOINFORMATIK\.m2\repository\javax\media\jai_imageio\1.1\jai_imageio-1.1.jar;C:\Dokumente und Einstellungen\b_pros02.GEOINFORMATIK\.m2\repository\org\geotools\gt2-geotiff-52npatched\2.4.2\gt2-geotiff-52npatched-2.4.2.jar;C:\Dokumente und Einstellungen\b_pros02.GEOINFORMATIK\.m2\repository\org\n52\wps\ogckml2.2\1.0.0\ogckml2.2-1.0.0.jar;C:\Dokumente und Einstellungen\b_pros02.GEOINFORMATIK\.m2\repository\axis\axis\1.4\axis-1.4.jar;C:\Dokumente und Einstellungen\b_pros02.GEOINFORMATIK\.m2\repository\axis\axis-jaxrpc\1.4\axis-jaxrpc-1.4.jar;C:\Dokumente und Einstellungen\b_pros02.GEOINFORMATIK\.m2\repository\axis\axis-saaj\1.4\axis-saaj-1.4.jar;C:\Dokumente und Einstellungen\b_pros02.GEOINFORMATIK\.m2\repository\axis\axis-wsdl4j\1.5.1\axis-wsdl4j-1.5.1.jar;C:\Dokumente und Einstellungen\b_pros02.GEOINFORMATIK\.m2\repository\commons-discovery\commons-discovery\0.2\commons-discovery-0.2.jar;C:\Dokumente und Einstellungen\b_pros02.GEOINFORMATIK\.m2\repository\org\geotools\gt2-shapefile\2.4.2\gt2-shapefile-2.4.2.jar;C:\Dokumente und Einstellungen\b_pros02.GEOINFORMATIK\.m2\repository\velocity\velocity\1.4\velocity-1.4.jar;C:\Dokumente und Einstellungen\b_pros02.GEOINFORMATIK\.m2\repository\velocity\velocity-dep\1.4\velocity-dep-1.4.jar;C:\Dokumente und Einstellungen\b_pros02.GEOINFORMATIK\.m2\repository\xalan\xalan\2.7.1\xalan-2.7.1.jar;C:\Dokumente und Einstellungen\b_pros02.GEOINFORMATIK\.m2\repository\xalan\serializer\2.7.1\serializer-2.7.1.jar;C:\UncertWeb\workspace\52n-WPS\52n-wps-server\target\52n-wps-server-2.0-rc5-SNAPSHOT.jar;C:\Dokumente und Einstellungen\b_pros02.GEOINFORMATIK\.m2\repository\org\n52\wps\52n-wps-xml\1.0.0\52n-wps-xml-1.0.0.jar;C:\Dokumente und Einstellungen\b_pros02.GEOINFORMATIK\.m2\repository\org\apache\derby\derby\10.2.2.0\derby-10.2.2.0.jar;C:\Dokumente und Einstellungen\b_pros02.GEOINFORMATIK\.m2\repository\org\apache\axis2\axis2\1.5\axis2-1.5.jar;C:\Dokumente und Einstellungen\b_pros02.GEOINFORMATIK\.m2\repository\org\apache\ws\commons\axiom\axiom-impl\1.2.8\axiom-impl-1.2.8.jar;C:\Dokumente und Einstellungen\b_pros02.GEOINFORMATIK\.m2\repository\org\apache\ws\commons\axiom\axiom-api\1.2.8\axiom-api-1.2.8.jar;C:\Dokumente und Einstellungen\b_pros02.GEOINFORMATIK\.m2\repository\org\apache\geronimo\specs\geronimo-activation_1.1_spec\1.0.1\geronimo-activation_1.1_spec-1.0.1.jar;C:\Dokumente und Einstellungen\b_pros02.GEOINFORMATIK\.m2\repository\org\apache\geronimo\specs\geronimo-javamail_1.4_spec\1.2\geronimo-javamail_1.4_spec-1.2.jar;C:\Dokumente und Einstellungen\b_pros02.GEOINFORMATIK\.m2\repository\jaxen\jaxen\1.1.1\jaxen-1.1.1.jar;C:\Dokumente und Einstellungen\b_pros02.GEOINFORMATIK\.m2\repository\org\apache\geronimo\specs\geronimo-stax-api_1.0_spec\1.0.1\geronimo-stax-api_1.0_spec-1.0.1.jar;C:\Dokumente und Einstellungen\b_pros02.GEOINFORMATIK\.m2\repository\org\codehaus\woodstox\wstx-asl\3.2.4\wstx-asl-3.2.4.jar;C:\Dokumente und Einstellungen\b_pros02.GEOINFORMATIK\.m2\repository\org\apache\ws\commons\axiom\axiom-dom\1.2.8\axiom-dom-1.2.8.jar;C:\Dokumente und Einstellungen\b_pros02.GEOINFORMATIK\.m2\repository\org\apache\rampart\rampart-policy\1.4\rampart-policy-1.4.jar;C:\Dokumente und Einstellungen\b_pros02.GEOINFORMATIK\.m2\repository\org\apache\axis2\axis2-kernel\1.4\axis2-kernel-1.4.jar;C:\Dokumente und Einstellungen\b_pros02.GEOINFORMATIK\.m2\repository\javax\servlet\servlet-api\2.3\servlet-api-2.3.jar;C:\Dokumente und Einstellungen\b_pros02.GEOINFORMATIK\.m2\repository\commons-fileupload\commons-fileupload\1.2\commons-fileupload-1.2.jar;C:\Dokumente und Einstellungen\b_pros02.GEOINFORMATIK\.m2\repository\org\apache\httpcomponents\httpcore\4.0-beta1\httpcore-4.0-beta1.jar;C:\Dokumente und Einstellungen\b_pros02.GEOINFORMATIK\.m2\repository\org\apache\httpcomponents\httpcore-nio\4.0-beta1\httpcore-nio-4.0-beta1.jar;C:\Dokumente und Einstellungen\b_pros02.GEOINFORMATIK\.m2\repository\wsdl4j\wsdl4j\1.6.2\wsdl4j-1.6.2.jar;C:\Dokumente und Einstellungen\b_pros02.GEOINFORMATIK\.m2\repository\backport-util-concurrent\backport-util-concurrent\3.1\backport-util-concurrent-3.1.jar;C:\Dokumente und Einstellungen\b_pros02.GEOINFORMATIK\.m2\repository\org\apache\ws\commons\schema\XmlSchema\1.4.2\XmlSchema-1.4.2.jar;C:\Dokumente und Einstellungen\b_pros02.GEOINFORMATIK\.m2\repository\org\apache\neethi\neethi\2.0.4\neethi-2.0.4.jar;C:\Dokumente und Einstellungen\b_pros02.GEOINFORMATIK\.m2\repository\org\apache\woden\woden-api\1.0M8\woden-api-1.0M8.jar;C:\Dokumente und Einstellungen\b_pros02.GEOINFORMATIK\.m2\repository\org\apache\ant\ant\1.7.0\ant-1.7.0.jar;C:\Dokumente und Einstellungen\b_pros02.GEOINFORMATIK\.m2\repository\org\apache\ant\ant-launcher\1.7.0\ant-launcher-1.7.0.jar;C:\Dokumente und Einstellungen\b_pros02.GEOINFORMATIK\.m2\repository\xerces\xmlParserAPIs\2.6.0\xmlParserAPIs-2.6.0.jar;C:\Dokumente und Einstellungen\b_pros02.GEOINFORMATIK\.m2\repository\org\apache\woden\woden-impl-dom\1.0M8\woden-impl-dom-1.0M8.jar;C:\Dokumente und Einstellungen\b_pros02.GEOINFORMATIK\.m2\repository\annogen\annogen\0.1.0\annogen-0.1.0.jar;C:\Dokumente und Einstellungen\b_pros02.GEOINFORMATIK\.m2\repository\org\apache\geronimo\specs\geronimo-jms_1.1_spec\1.1\geronimo-jms_1.1_spec-1.1.jar;C:\Dokumente und Einstellungen\b_pros02.GEOINFORMATIK\.m2\repository\javax\mail\mail\1.4\mail-1.4.jar;C:\Dokumente und Einstellungen\b_pros02.GEOINFORMATIK\.m2\repository\javax\activation\activation\1.1\activation-1.1.jar;C:\Dokumente und Einstellungen\b_pros02.GEOINFORMATIK\.m2\repository\org\apache\axis2\axis2-codegen\1.4\axis2-codegen-1.4.jar;C:\Dokumente und Einstellungen\b_pros02.GEOINFORMATIK\.m2\repository\org\apache\axis2\axis2-adb\1.4\axis2-adb-1.4.jar;C:\Dokumente und Einstellungen\b_pros02.GEOINFORMATIK\.m2\repository\org\apache\axis2\axis2-xmlbeans\1.4\axis2-xmlbeans-1.4.jar;C:\Dokumente und Einstellungen\b_pros02.GEOINFORMATIK\.m2\repository\org\apache\axis2\axis2-adb-codegen\1.4\axis2-adb-codegen-1.4.jar;C:\Dokumente und Einstellungen\b_pros02.GEOINFORMATIK\.m2\repository\org\apache\axis2\mex\1.4\mex-1.4-impl.jar;C:\Dokumente und Einstellungen\b_pros02.GEOINFORMATIK\.m2\repository\org\apache\axis2\axis2-mtompolicy\1.4\axis2-mtompolicy-1.4.jar;C:\Dokumente und Einstellungen\b_pros02.GEOINFORMATIK\.m2\repository\org\apache\ws\security\wss4j\1.5.4\wss4j-1.5.4.jar;C:\Dokumente und Einstellungen\b_pros02.GEOINFORMATIK\.m2\repository\org\apache\santuario\xmlsec\1.4.1\xmlsec-1.4.1.jar;C:\Dokumente und Einstellungen\b_pros02.GEOINFORMATIK\.m2\repository\org\apache\axis\axis-ant\1.4\axis-ant-1.4.jar;C:\Dokumente und Einstellungen\b_pros02.GEOINFORMATIK\.m2\repository\bouncycastle\bcprov-jdk13\132\bcprov-jdk13-132.jar;C:\Dokumente und Einstellungen\b_pros02.GEOINFORMATIK\.m2\repository\org\apache\rampart\rampart-core\1.4\rampart-core-1.4.jar;C:\Dokumente und Einstellungen\b_pros02.GEOINFORMATIK\.m2\repository\org\apache\rampart\rampart-trust\1.4\rampart-trust-1.4.jar;C:\Dokumente und Einstellungen\b_pros02.GEOINFORMATIK\.m2\repository\opensaml\opensaml\1.1.406\opensaml-1.1.406.jar;C:\Dokumente und Einstellungen\b_pros02.GEOINFORMATIK\.m2\repository\org\vafer\dependency\0.4\dependency-0.4.jar;C:\Dokumente und Einstellungen\b_pros02.GEOINFORMATIK\.m2\repository\asm\asm-commons\2.2.1\asm-commons-2.2.1.jar;C:\Dokumente und Einstellungen\b_pros02.GEOINFORMATIK\.m2\repository\asm\asm\2.2\asm-2.2.jar;C:\Dokumente und Einstellungen\b_pros02.GEOINFORMATIK\.m2\repository\asm\asm-util\2.2.1\asm-util-2.2.1.jar;C:\Dokumente und Einstellungen\b_pros02.GEOINFORMATIK\.m2\repository\asm\asm-analysis\2.2.1\asm-analysis-2.2.1.jar;C:\Dokumente und Einstellungen\b_pros02.GEOINFORMATIK\.m2\repository\asm\asm-tree\2.2.1\asm-tree-2.2.1.jar;C:\Dokumente und Einstellungen\b_pros02.GEOINFORMATIK\.m2\repository\asm\asm-attrs\2.2.1\asm-attrs-2.2.1.jar;C:\Dokumente und Einstellungen\b_pros02.GEOINFORMATIK\.m2\repository\de\fzj\unicore\uas-core\1.1.2\uas-core-1.1.2.jar;C:\Dokumente und Einstellungen\b_pros02.GEOINFORMATIK\.m2\repository\de\fzj\unicore\wsrflite\wsrflite\1.8.9\wsrflite-1.8.9.jar;C:\Dokumente und Einstellungen\b_pros02.GEOINFORMATIK\.m2\repository\de\fzj\unicore\wsrflite\wsrftypes\1.4\wsrftypes-1.4.jar;C:\Dokumente und Einstellungen\b_pros02.GEOINFORMATIK\.m2\repository\xmlbeans\xbean_xpath\2.2.0\xbean_xpath-2.2.0.jar;C:\Dokumente und Einstellungen\b_pros02.GEOINFORMATIK\.m2\repository\org\codehaus\xfire\xfire-xmlbeans\1.2.6\xfire-xmlbeans-1.2.6.jar;C:\Dokumente und Einstellungen\b_pros02.GEOINFORMATIK\.m2\repository\org\codehaus\xfire\xfire-aegis\1.2.6\xfire-aegis-1.2.6.jar;C:\Dokumente und Einstellungen\b_pros02.GEOINFORMATIK\.m2\repository\org\codehaus\xfire\xfire-core\1.2.6\xfire-core-1.2.6.jar;C:\Dokumente und Einstellungen\b_pros02.GEOINFORMATIK\.m2\repository\org\apache\ws\commons\XmlSchema\1.1\XmlSchema-1.1.jar;C:\Dokumente und Einstellungen\b_pros02.GEOINFORMATIK\.m2\repository\net\java\dev\stax-utils\stax-utils\20040917\stax-utils-20040917.jar;C:\Dokumente und Einstellungen\b_pros02.GEOINFORMATIK\.m2\repository\xfire\xfire-jsr181-api\1.0-M1\xfire-jsr181-api-1.0-M1.jar;C:\Dokumente und Einstellungen\b_pros02.GEOINFORMATIK\.m2\repository\org\mortbay\jetty\jetty\6.1.8\jetty-6.1.8.jar;C:\Dokumente und Einstellungen\b_pros02.GEOINFORMATIK\.m2\repository\org\mortbay\jetty\jetty-util\6.1.8\jetty-util-6.1.8.jar;C:\Dokumente und Einstellungen\b_pros02.GEOINFORMATIK\.m2\repository\org\mortbay\jetty\servlet-api-2.5\6.1.8\servlet-api-2.5-6.1.8.jar;C:\Dokumente und Einstellungen\b_pros02.GEOINFORMATIK\.m2\repository\org\mortbay\jetty\jetty-sslengine\6.1.8\jetty-sslengine-6.1.8.jar;C:\Dokumente und Einstellungen\b_pros02.GEOINFORMATIK\.m2\repository\net\sf\ehcache\ehcache\1.2\ehcache-1.2.jar;C:\Dokumente und Einstellungen\b_pros02.GEOINFORMATIK\.m2\repository\net\sf\saxon\saxon-xpath\8.6.1\saxon-xpath-8.6.1.jar;C:\Dokumente und Einstellungen\b_pros02.GEOINFORMATIK\.m2\repository\de\fzj\unicore\xnjs-module-core\1.1.2\xnjs-module-core-1.1.2.jar;C:\Dokumente und Einstellungen\b_pros02.GEOINFORMATIK\.m2\repository\de\fzj\unicore\jsdl-xmlbeans\1.2\jsdl-xmlbeans-1.2.jar;C:\Dokumente und Einstellungen\b_pros02.GEOINFORMATIK\.m2\repository\de\fzj\unicore\persistence\0.2\persistence-0.2.jar;C:\Dokumente und Einstellungen\b_pros02.GEOINFORMATIK\.m2\repository\de\fzj\unicore\uas-types\1.6\uas-types-1.6.jar;C:\Dokumente und Einstellungen\b_pros02.GEOINFORMATIK\.m2\repository\de\fzj\unicore\xuudb\xuudb-common\1.1.0\xuudb-common-1.1.0.jar;C:\Dokumente und Einstellungen\b_pros02.GEOINFORMATIK\.m2\repository\net\sourceforge\sunxacml\sunxacml\1.2\sunxacml-1.2.jar;C:\Dokumente und Einstellungen\b_pros02.GEOINFORMATIK\.m2\repository\pl\edu\icm\unicore\security\securityLibrary\1.2\securityLibrary-1.2.jar;C:\Dokumente und Einstellungen\b_pros02.GEOINFORMATIK\.m2\repository\pl\edu\icm\unicore\security\SAMLtypes\1.1\SAMLtypes-1.1.jar;"/>
    <property name="java.vm.specification.version" value="1.0"/>
    <property name="sun.arch.data.model" value="32"/>
    <property name="java.home" value="C:\Programme\Java\jdk1.6.0_17\jre"/>
    <property name="java.specification.vendor" value="Sun Microsystems Inc."/>
    <property name="user.language" value="de"/>
    <property name="awt.toolkit" value="sun.awt.windows.WToolkit"/>
    <property name="java.vm.info" value="mixed mode, sharing"/>
    <property name="java.version" value="1.6.0_17"/>
    <property name="java.ext.dirs" value="C:\Programme\Java\jdk1.6.0_17\jre\lib\ext;C:\WINDOWS\Sun\Java\lib\ext"/>
    <property name="sun.boot.class.path" value="C:\Programme\Java\jdk1.6.0_17\jre\lib\resources.jar;C:\Programme\Java\jdk1.6.0_17\jre\lib\rt.jar;C:\Programme\Java\jdk1.6.0_17\jre\lib\sunrsasign.jar;C:\Programme\Java\jdk1.6.0_17\jre\lib\jsse.jar;C:\Programme\Java\jdk1.6.0_17\jre\lib\jce.jar;C:\Programme\Java\jdk1.6.0_17\jre\lib\charsets.jar;C:\Programme\Java\jdk1.6.0_17\jre\classes"/>
    <property name="java.vendor" value="Sun Microsystems Inc."/>
    <property name="localRepository" value="C:/Dokumente und Einstellungen/b_pros02.GEOINFORMATIK/.m2/repository"/>
    <property name="file.separator" value="\"/>
    <property name="java.vendor.url.bug" value="http://java.sun.com/cgi-bin/bugreport.cgi"/>
    <property name="sun.cpu.endian" value="little"/>
    <property name="sun.io.unicode.encoding" value="UnicodeLittle"/>
    <property name="sun.desktop" value="windows"/>
    <property name="sun.cpu.isalist" value="pentium_pro+mmx pentium_pro pentium+mmx pentium i486 i386 i86"/>
  </properties>
</testsuite>